2025-10-29 12:05:23,554 - INFO - fastapi-app - Database tables created successfully.
2025-10-29 12:05:23,555 - INFO - fastapi-app - Application startup complete.
2025-10-29 12:05:23,555 - INFO - fastapi-app - Database connection initialized.
2025-10-29 12:06:46,876 - INFO - fastapi-app - Application shutdown initiated.
2025-10-29 12:06:48,208 - INFO - fastapi-app - Database tables created successfully.
2025-10-29 12:06:48,208 - INFO - fastapi-app - Application startup complete.
2025-10-29 12:06:48,209 - INFO - fastapi-app - Database connection initialized.
2025-10-29 12:09:48,588 - INFO - fastapi-app - Fetching user by email: koppisettipurnasrinivas@gmail.com
2025-10-29 12:09:48,634 - INFO - fastapi-app - Fetching user by phone: 9347772828
2025-10-29 12:09:48,916 - INFO - fastapi-app - Creating new user: koppisettipurnasrinivas@gmail.com
2025-10-29 12:09:48,928 - INFO - fastapi-app - [REGISTER] User registered: koppisettipurnasrinivas@gmail.com
2025-10-29 12:13:28,203 - INFO - fastapi-app - Application shutdown initiated.
2025-10-29 12:13:29,759 - INFO - fastapi-app - Database tables created successfully.
2025-10-29 12:13:29,759 - INFO - fastapi-app - Application startup complete.
2025-10-29 12:13:29,760 - INFO - fastapi-app - Database connection initialized.
2025-10-29 12:14:48,977 - INFO - fastapi-app - Application shutdown initiated.
2025-10-29 12:14:50,705 - INFO - fastapi-app - Database tables created successfully.
2025-10-29 12:14:50,706 - INFO - fastapi-app - Application startup complete.
2025-10-29 12:14:50,706 - INFO - fastapi-app - Database connection initialized.
2025-10-29 12:14:58,021 - INFO - fastapi-app - Application shutdown initiated.
2025-10-29 12:14:59,435 - INFO - fastapi-app - Database tables created successfully.
2025-10-29 12:14:59,436 - INFO - fastapi-app - Application startup complete.
2025-10-29 12:14:59,436 - INFO - fastapi-app - Database connection initialized.
2025-10-29 12:15:28,856 - INFO - fastapi-app - Application shutdown initiated.
2025-10-29 12:15:44,952 - INFO - fastapi-app - Database tables created successfully.
2025-10-29 12:15:44,953 - INFO - fastapi-app - Application startup complete.
2025-10-29 12:15:44,953 - INFO - fastapi-app - Database connection initialized.
2025-10-29 12:16:40,387 - INFO - fastapi-app - Fetching user by email: koppisettipurnasrinivas@gmail.com
2025-10-29 12:16:40,684 - INFO - fastapi-app - [LOGIN SUCCESS] User logged in with password: koppisettipurnasrinivas@gmail.com
2025-10-29 12:18:20,256 - INFO - fastapi-app - Fetching user by email: koppisettipurnasrinivas@gmail.com
2025-10-29 12:22:03,286 - INFO - fastapi-app - Application shutdown initiated.
2025-10-29 12:22:04,820 - INFO - fastapi-app - Database tables created successfully.
2025-10-29 12:22:04,821 - INFO - fastapi-app - Application startup complete.
2025-10-29 12:22:04,821 - INFO - fastapi-app - Database connection initialized.
2025-10-29 12:22:21,221 - INFO - fastapi-app - Application shutdown initiated.
2025-10-29 12:22:22,673 - INFO - fastapi-app - Database tables created successfully.
2025-10-29 12:22:22,675 - INFO - fastapi-app - Application startup complete.
2025-10-29 12:22:22,676 - INFO - fastapi-app - Database connection initialized.
2025-10-29 12:22:27,103 - INFO - fastapi-app - Fetching user by email: koppisettipurnasrinivas@gmail.com
2025-10-29 12:22:27,134 - INFO - fastapi-app - Storing OTP for email: koppisettipurnasrinivas@gmail.com
2025-10-29 12:25:30,375 - INFO - fastapi-app - Application shutdown initiated.
2025-10-29 12:25:31,848 - INFO - fastapi-app - Database tables created successfully.
2025-10-29 12:25:31,848 - INFO - fastapi-app - Application startup complete.
2025-10-29 12:25:31,849 - INFO - fastapi-app - Database connection initialized.
2025-10-29 12:25:36,826 - INFO - fastapi-app - Fetching user by email: koppisettipurnasrinivas@gmail.com
2025-10-29 12:25:56,451 - INFO - fastapi-app - Application shutdown initiated.
2025-10-29 12:25:57,868 - INFO - fastapi-app - Database tables created successfully.
2025-10-29 12:25:57,868 - INFO - fastapi-app - Application startup complete.
2025-10-29 12:25:57,869 - INFO - fastapi-app - Database connection initialized.
2025-10-29 14:00:51,502 - INFO - fastapi-app - Application shutdown initiated.
2025-10-29 14:01:15,402 - INFO - fastapi-app - Database tables created successfully.
2025-10-29 14:01:15,403 - INFO - fastapi-app - Application startup complete.
2025-10-29 14:01:15,404 - INFO - fastapi-app - Database connection initialized.
2025-10-29 14:01:44,829 - INFO - fastapi-app - Application shutdown initiated.
2025-10-29 14:04:13,190 - INFO - fastapi-app - Database tables created successfully.
2025-10-29 14:04:13,191 - INFO - fastapi-app - Application startup complete.
2025-10-29 14:04:13,192 - INFO - fastapi-app - Database connection initialized.
2025-10-29 14:06:50,270 - INFO - fastapi-app - Application shutdown initiated.
2025-10-29 14:08:15,911 - INFO - fastapi-app - Database tables created successfully.
2025-10-29 14:08:15,911 - INFO - fastapi-app - Application startup complete.
2025-10-29 14:08:15,912 - INFO - fastapi-app - Database connection initialized.
2025-10-29 14:10:40,654 - INFO - fastapi-app - Database tables created successfully.
2025-10-29 14:10:40,655 - INFO - fastapi-app - Application startup complete.
2025-10-29 14:10:40,656 - INFO - fastapi-app - Database connection initialized.
2025-10-29 14:11:33,646 - INFO - fastapi-app - Fetching user by email: koppisettipurnasrinivas@gmail.com
2025-10-29 14:11:33,671 - INFO - fastapi-app - Storing OTP for email: koppisettipurnasrinivas@gmail.com
2025-10-29 14:12:41,810 - INFO - fastapi-app - Application shutdown initiated.
2025-10-29 14:12:43,242 - INFO - fastapi-app - Database tables created successfully.
2025-10-29 14:12:43,242 - INFO - fastapi-app - Application startup complete.
2025-10-29 14:12:43,243 - INFO - fastapi-app - Database connection initialized.
2025-10-29 14:12:47,760 - INFO - fastapi-app - Fetching user by email: koppisettipurnasrinivas@gmail.com
2025-10-29 14:12:51,075 - INFO - fastapi-app - OTP sent successfully to koppisettipurnasrinivas@gmail.com
2025-10-29 14:12:51,075 - INFO - fastapi-app - [OTP SENT] OTP sent successfully to koppisettipurnasrinivas@gmail.com
2025-10-29 14:14:57,479 - INFO - fastapi-app - Fetching user by email: koppisettipurnasrinivas@gmail.com
2025-10-29 14:16:41,750 - INFO - fastapi-app - Application shutdown initiated.
2025-10-29 14:16:43,440 - INFO - fastapi-app - Database tables created successfully.
2025-10-29 14:16:43,440 - INFO - fastapi-app - Application startup complete.
2025-10-29 14:16:43,441 - INFO - fastapi-app - Database connection initialized.
2025-10-29 14:16:51,655 - INFO - fastapi-app - Fetching user by email: koppisettipurnasrinivas@gmail.com
2025-10-29 14:16:51,675 - INFO - fastapi-app - Fetching OTP record for email: koppisettipurnasrinivas@gmail.com
2025-10-29 14:19:34,740 - INFO - fastapi-app - Application shutdown initiated.
2025-10-29 14:19:36,239 - INFO - fastapi-app - Database tables created successfully.
2025-10-29 14:19:36,239 - INFO - fastapi-app - Application startup complete.
2025-10-29 14:19:36,240 - INFO - fastapi-app - Database connection initialized.
2025-10-29 14:29:14,598 - INFO - fastapi-app - Application shutdown initiated.
2025-10-29 14:29:16,098 - INFO - fastapi-app - Database tables created successfully.
2025-10-29 14:29:16,098 - INFO - fastapi-app - Application startup complete.
2025-10-29 14:29:16,098 - INFO - fastapi-app - Database connection initialized.
2025-10-29 14:29:41,737 - INFO - fastapi-app - Fetching user by email: koppisettipurnasrinivas@gmail.com
2025-10-29 14:29:44,748 - INFO - fastapi-app - OTP sent successfully to koppisettipurnasrinivas@gmail.com
2025-10-29 14:29:44,748 - INFO - fastapi-app - [OTP SENT] OTP sent successfully to koppisettipurnasrinivas@gmail.com
2025-10-29 14:30:31,234 - INFO - fastapi-app - Fetching user by email: koppisettipurnasrinivas@gmail.com
2025-10-29 14:30:31,237 - INFO - fastapi-app - Fetching OTP record for email: koppisettipurnasrinivas@gmail.com
2025-10-29 14:32:40,447 - INFO - fastapi-app - Application shutdown initiated.
2025-10-29 14:32:42,053 - INFO - fastapi-app - Database tables created successfully.
2025-10-29 14:32:42,054 - INFO - fastapi-app - Application startup complete.
2025-10-29 14:32:42,054 - INFO - fastapi-app - Database connection initialized.
2025-10-29 14:32:47,715 - INFO - fastapi-app - Application shutdown initiated.
2025-10-29 14:32:49,269 - INFO - fastapi-app - Database tables created successfully.
2025-10-29 14:32:49,269 - INFO - fastapi-app - Application startup complete.
2025-10-29 14:32:49,270 - INFO - fastapi-app - Database connection initialized.
2025-10-29 14:32:55,068 - INFO - fastapi-app - Fetching user by email: koppisettipurnasrinivas@gmail.com
2025-10-29 14:32:55,095 - INFO - fastapi-app - Fetching OTP record for koppisettipurnasrinivas@gmail.com
2025-10-29 14:32:55,109 - INFO - fastapi-app - User logged in successfully via OTP: koppisettipurnasrinivas@gmail.com
2025-10-29 14:36:47,125 - INFO - fastapi-app - Application shutdown initiated.
2025-10-29 14:36:48,932 - INFO - fastapi-app - Database tables created successfully.
2025-10-29 14:36:48,933 - INFO - fastapi-app - Application startup complete.
2025-10-29 14:36:48,933 - INFO - fastapi-app - Database connection initialized.
2025-10-29 14:37:03,221 - INFO - fastapi-app - Application shutdown initiated.
2025-10-29 14:37:04,888 - INFO - fastapi-app - Database tables created successfully.
2025-10-29 14:37:04,888 - INFO - fastapi-app - Application startup complete.
2025-10-29 14:37:04,888 - INFO - fastapi-app - Database connection initialized.
2025-10-29 14:37:14,896 - INFO - fastapi-app - Fetching user by email: koppisettipurnasrinivas@gmail.com
2025-10-29 14:37:17,812 - INFO - fastapi-app - OTP sent successfully to koppisettipurnasrinivas@gmail.com
2025-10-29 14:37:17,812 - INFO - fastapi-app - [OTP SENT] OTP sent successfully to koppisettipurnasrinivas@gmail.com
2025-10-29 14:37:38,093 - INFO - fastapi-app - Fetching user by email: koppisettipurnasrinivas@gmail.com
2025-10-29 14:37:38,096 - INFO - fastapi-app - Fetching OTP record for email: koppisettipurnasrinivas@gmail.com
2025-10-29 14:37:48,379 - INFO - fastapi-app - Application shutdown initiated.
2025-10-29 14:37:49,841 - INFO - fastapi-app - Database tables created successfully.
2025-10-29 14:37:49,841 - INFO - fastapi-app - Application startup complete.
2025-10-29 14:37:49,841 - INFO - fastapi-app - Database connection initialized.
2025-10-29 14:37:56,175 - INFO - fastapi-app - Application shutdown initiated.
2025-10-29 14:37:57,545 - INFO - fastapi-app - Database tables created successfully.
2025-10-29 14:37:57,545 - INFO - fastapi-app - Application startup complete.
2025-10-29 14:37:57,546 - INFO - fastapi-app - Database connection initialized.
2025-10-29 14:38:04,159 - INFO - fastapi-app - Fetching user by email: koppisettipurnasrinivas@gmail.com
2025-10-29 14:38:04,206 - INFO - fastapi-app - Fetching OTP record for email: koppisettipurnasrinivas@gmail.com
2025-10-29 14:38:17,245 - INFO - fastapi-app - Application shutdown initiated.
2025-10-29 14:38:18,725 - INFO - fastapi-app - Database tables created successfully.
2025-10-29 14:38:18,726 - INFO - fastapi-app - Application startup complete.
2025-10-29 14:38:18,726 - INFO - fastapi-app - Database connection initialized.
2025-10-29 14:38:27,335 - INFO - fastapi-app - Application shutdown initiated.
2025-10-29 14:38:28,654 - INFO - fastapi-app - Database tables created successfully.
2025-10-29 14:38:28,654 - INFO - fastapi-app - Application startup complete.
2025-10-29 14:38:28,655 - INFO - fastapi-app - Database connection initialized.
2025-10-29 14:38:31,553 - INFO - fastapi-app - Fetching user by email: koppisettipurnasrinivas@gmail.com
2025-10-29 14:38:31,577 - INFO - fastapi-app - Fetching OTP record for email: koppisettipurnasrinivas@gmail.com
2025-10-29 14:38:31,582 - INFO - fastapi-app - User logged in successfully via OTP: koppisettipurnasrinivas@gmail.com
2025-10-29 14:44:03,455 - INFO - fastapi-app - Application shutdown initiated.
2025-10-29 14:46:25,596 - INFO - fastapi-app - Database tables created successfully.
2025-10-29 14:46:25,597 - INFO - fastapi-app - Application startup complete.
2025-10-29 14:46:25,597 - INFO - fastapi-app - Database connection initialized.
2025-10-29 14:46:31,405 - INFO - fastapi-app - Fetching user by email: koppisettipurnasrinivas@gmail.com
2025-10-29 14:46:31,713 - WARNING - fastapi-app - Incorrect password attempt for koppisettipurnasrinivas@gmail.com
2025-10-29 14:47:04,605 - INFO - fastapi-app - Fetching user by email: koppisettipurnasrinivas@gmail.com
2025-10-29 14:47:04,879 - INFO - fastapi-app - User logged in successfully with password: koppisettipurnasrinivas@gmail.com
2025-10-29 14:54:26,281 - INFO - fastapi-app - Application shutdown initiated.
2025-10-29 14:54:27,590 - INFO - fastapi-app - Database tables created successfully.
2025-10-29 14:54:27,591 - INFO - fastapi-app - Application startup complete.
2025-10-29 14:54:27,591 - INFO - fastapi-app - Database connection initialized.
2025-10-29 14:54:38,750 - INFO - fastapi-app - Application shutdown initiated.
2025-10-29 14:58:05,047 - INFO - fastapi-app - New user registered successfully: test@example.com
2025-10-29 14:58:05,085 - INFO - fastapi-app - OTP sent successfully to test@example.com
2025-10-29 14:58:05,115 - INFO - fastapi-app - User logged in successfully with password: test@example.com
2025-10-29 14:58:05,129 - WARNING - fastapi-app - Incorrect password attempt for test@example.com
2025-10-30 22:18:52,768 - INFO - fastapi-app - Database tables created successfully.
2025-10-30 22:18:52,769 - INFO - fastapi-app - Application startup complete.
2025-10-30 22:18:52,769 - INFO - fastapi-app - Database connection initialized.
2025-10-30 22:23:32,670 - INFO - fastapi-app - Application shutdown initiated.
2025-10-30 22:23:34,161 - INFO - fastapi-app - Database tables created successfully.
2025-10-30 22:23:34,161 - INFO - fastapi-app - Application startup complete.
2025-10-30 22:23:34,162 - INFO - fastapi-app - Database connection initialized.
2025-10-30 22:23:53,582 - INFO - fastapi-app - Application shutdown initiated.
2025-10-30 22:23:55,078 - INFO - fastapi-app - Database tables created successfully.
2025-10-30 22:23:55,079 - INFO - fastapi-app - Application startup complete.
2025-10-30 22:23:55,079 - INFO - fastapi-app - Database connection initialized.
2025-10-30 22:24:10,805 - INFO - fastapi-app - Application shutdown initiated.
2025-10-30 22:24:12,358 - INFO - fastapi-app - Database tables created successfully.
2025-10-30 22:24:12,359 - INFO - fastapi-app - Application startup complete.
2025-10-30 22:24:12,359 - INFO - fastapi-app - Database connection initialized.
2025-10-30 22:33:48,605 - INFO - fastapi-app - Application shutdown initiated.
2025-10-30 22:33:50,477 - INFO - fastapi-app - Database tables created successfully.
2025-10-30 22:33:50,478 - INFO - fastapi-app - Application startup complete.
2025-10-30 22:33:50,478 - INFO - fastapi-app - Database connection initialized.
2025-10-30 22:34:24,544 - INFO - fastapi-app - Application shutdown initiated.
2025-10-30 22:34:26,158 - INFO - fastapi-app - Database tables created successfully.
2025-10-30 22:34:26,159 - INFO - fastapi-app - Application startup complete.
2025-10-30 22:34:26,159 - INFO - fastapi-app - Database connection initialized.
2025-10-30 22:34:46,888 - INFO - fastapi-app - Application shutdown initiated.
2025-10-30 22:34:48,360 - INFO - fastapi-app - Database tables created successfully.
2025-10-30 22:34:48,361 - INFO - fastapi-app - Application startup complete.
2025-10-30 22:34:48,361 - INFO - fastapi-app - Database connection initialized.
2025-10-30 22:35:21,469 - INFO - fastapi-app - Application shutdown initiated.
2025-10-30 22:35:23,184 - INFO - fastapi-app - Database tables created successfully.
2025-10-30 22:35:23,185 - INFO - fastapi-app - Application startup complete.
2025-10-30 22:35:23,186 - INFO - fastapi-app - Database connection initialized.
2025-10-30 22:37:50,542 - INFO - fastapi-app - Application shutdown initiated.
2025-10-30 22:37:51,939 - INFO - fastapi-app - Database tables created successfully.
2025-10-30 22:37:51,940 - INFO - fastapi-app - Application startup complete.
2025-10-30 22:37:51,940 - INFO - fastapi-app - Database connection initialized.
2025-10-30 22:38:05,430 - INFO - fastapi-app - API call: GET /shops
2025-10-30 22:38:05,430 - INFO - fastapi-app - Fetching all shops from DB
2025-10-30 22:38:42,520 - INFO - fastapi-app - API call: GET /shops/1/slots
2025-10-30 22:38:42,521 - INFO - fastapi-app - Fetching available slots for shop_id=1 on date=2025-10-05
2025-10-30 22:38:59,220 - INFO - fastapi-app - API call: GET /shops/1/slots
2025-10-30 22:38:59,220 - INFO - fastapi-app - Fetching available slots for shop_id=1 on date=2025-10-07
2025-10-30 22:39:44,081 - INFO - fastapi-app - API call: GET /shops/1/slots
2025-10-30 22:39:44,082 - INFO - fastapi-app - Fetching available slots for shop_id=1 on date=2025-10-23
2025-10-30 22:40:23,506 - INFO - fastapi-app - API call: GET /shops/owner/1
2025-10-30 22:40:23,506 - INFO - fastapi-app - Fetching shops for owner_id=1
2025-10-30 22:41:22,602 - INFO - fastapi-app - API call: POST /shops/book-slots
2025-10-30 22:41:29,176 - INFO - fastapi-app - API call: POST /shops/book-slots
2025-10-30 22:42:11,543 - INFO - fastapi-app - API call: POST /shops/book-slots
2025-10-30 22:42:11,545 - INFO - fastapi-app - Creating booking for user_id=3
2025-10-30 22:42:11,572 - INFO - fastapi-app - Creating booking for user_id=3
2025-10-30 22:42:48,160 - INFO - fastapi-app - API call: POST /shops/book-slots
2025-10-30 22:55:21,293 - INFO - fastapi-app - Application shutdown initiated.
2025-10-30 22:55:22,642 - INFO - fastapi-app - Database tables created successfully.
2025-10-30 22:55:22,643 - INFO - fastapi-app - Application startup complete.
2025-10-30 22:55:22,643 - INFO - fastapi-app - Database connection initialized.
2025-10-30 22:55:35,471 - INFO - fastapi-app - Application shutdown initiated.
2025-10-30 22:55:36,912 - INFO - fastapi-app - Database tables created successfully.
2025-10-30 22:55:36,912 - INFO - fastapi-app - Application startup complete.
2025-10-30 22:55:36,913 - INFO - fastapi-app - Database connection initialized.
2025-10-30 22:56:33,171 - INFO - fastapi-app - Application shutdown initiated.
2025-10-30 22:56:34,651 - INFO - fastapi-app - Database tables created successfully.
2025-10-30 22:56:34,652 - INFO - fastapi-app - Application startup complete.
2025-10-30 22:56:34,652 - INFO - fastapi-app - Database connection initialized.
2025-10-30 22:56:54,783 - INFO - fastapi-app - Application shutdown initiated.
2025-10-30 22:56:56,299 - INFO - fastapi-app - Database tables created successfully.
2025-10-30 22:56:56,299 - INFO - fastapi-app - Application startup complete.
2025-10-30 22:56:56,299 - INFO - fastapi-app - Database connection initialized.
2025-10-30 23:00:20,618 - INFO - fastapi-app - Application shutdown initiated.
2025-10-30 23:02:40,797 - INFO - fastapi-app - Database initialized successfully.
2025-10-30 23:02:40,800 - INFO - fastapi-app -  Scheduler started: OTP cleanup + Slot generator running
2025-10-30 23:02:40,800 - INFO - fastapi-app - Application startup complete. Scheduler initialized.
2025-10-30 23:07:40,825 - ERROR - fastapi-app - [OTP CLEANUP ERROR] type object 'EmailVerification' has no attribute 'created_at'
2025-10-30 23:12:40,811 - ERROR - fastapi-app - [OTP CLEANUP ERROR] type object 'EmailVerification' has no attribute 'created_at'
2025-10-30 23:17:40,808 - ERROR - fastapi-app - [OTP CLEANUP ERROR] type object 'EmailVerification' has no attribute 'created_at'
2025-10-30 23:22:40,811 - ERROR - fastapi-app - [OTP CLEANUP ERROR] type object 'EmailVerification' has no attribute 'created_at'
2025-10-30 23:22:57,853 - INFO - fastapi-app - Scheduler shutdown successfully.
2025-10-30 23:22:57,853 - INFO - fastapi-app - Application shutdown completed successfully.
2025-10-30 23:23:45,316 - INFO - fastapi-app - Database initialized successfully.
2025-10-30 23:23:45,319 - INFO - fastapi-app -  Scheduler started: OTP cleanup + Slot generator running
2025-10-30 23:23:45,320 - INFO - fastapi-app - Application startup complete. Scheduler initialized.
2025-10-30 23:24:16,704 - INFO - fastapi-app - Scheduler shutdown successfully.
2025-10-30 23:24:16,704 - INFO - fastapi-app - Application shutdown completed successfully.
2025-10-30 23:58:51,376 - INFO - fastapi-app - Database initialized successfully.
2025-10-30 23:58:51,378 - INFO - fastapi-app -  Scheduler started: OTP cleanup + Slot generator running
2025-10-30 23:58:51,379 - INFO - fastapi-app - Application startup complete. Scheduler initialized.
2025-10-30 23:58:59,419 - INFO - fastapi-app - API call: GET /shops
2025-10-30 23:58:59,419 - INFO - fastapi-app - Fetching all shops from DB
2025-10-31 00:03:51,388 - ERROR - fastapi-app - [OTP CLEANUP ERROR] type object 'EmailVerification' has no attribute 'created_at'
2025-10-31 00:08:51,389 - ERROR - fastapi-app - [OTP CLEANUP ERROR] type object 'EmailVerification' has no attribute 'created_at'
2025-10-31 10:10:04,333 - INFO - fastapi-app - Database initialized successfully.
2025-10-31 10:10:04,337 - INFO - fastapi-app -  Scheduler started: OTP cleanup + Slot generator running
2025-10-31 10:10:04,337 - INFO - fastapi-app - Application startup complete. Scheduler initialized.
2025-10-31 10:15:04,402 - ERROR - fastapi-app - [OTP CLEANUP ERROR] type object 'EmailVerification' has no attribute 'created_at'
2025-10-31 10:16:34,640 - INFO - fastapi-app - Scheduler shutdown successfully.
2025-10-31 10:16:34,641 - INFO - fastapi-app - Application shutdown completed successfully.
2025-10-31 10:16:37,206 - INFO - fastapi-app - Database initialized successfully.
2025-10-31 10:16:37,210 - INFO - fastapi-app -  Scheduler started: OTP cleanup + Slot generator running
2025-10-31 10:16:37,211 - INFO - fastapi-app - Application startup complete. Scheduler initialized.
2025-10-31 10:17:17,621 - INFO - fastapi-app - API call: GET /shops
2025-10-31 10:17:17,622 - INFO - fastapi-app - Fetching all shops from DB
2025-10-31 10:21:37,221 - ERROR - fastapi-app - [OTP CLEANUP ERROR] type object 'EmailVerification' has no attribute 'created_at'
2025-10-31 11:21:37,223 - ERROR - fastapi-app - [OTP CLEANUP ERROR] type object 'EmailVerification' has no attribute 'created_at'
2025-10-31 11:26:37,224 - ERROR - fastapi-app - [OTP CLEANUP ERROR] type object 'EmailVerification' has no attribute 'created_at'
2025-10-31 11:31:37,213 - ERROR - fastapi-app - [OTP CLEANUP ERROR] type object 'EmailVerification' has no attribute 'created_at'
2025-10-31 11:36:37,221 - ERROR - fastapi-app - [OTP CLEANUP ERROR] type object 'EmailVerification' has no attribute 'created_at'
2025-10-31 11:39:30,018 - INFO - fastapi-app - Scheduler shutdown successfully.
2025-10-31 11:39:30,019 - INFO - fastapi-app - Application shutdown completed successfully.
